<?xml version="1.0" encoding="UTF-8"?>
<!-- Generated by org.testng.reporters.JUnitReportReporter -->
<testsuite skipped="0" hostname="DESKTOP-JCEGEB0" name="com.finexus.tests.CorectUserName" tests="1" failures="0" timestamp="2020-01-21T19:05:23 PKT" time="234.770" errors="0">
  <testcase name="testCorectUserName" time="234.770" classname="com.finexus.tests.CorectUserName"/>
</testsuite> <!-- com.finexus.tests.CorectUserName -->
