<?xml version="1.0" encoding="UTF-8"?>
<!-- Generated by org.testng.reporters.JUnitReportReporter -->
<testsuite skipped="0" hostname="DESKTOP-JCEGEB0" name="com.finexus.tests.AutoCorectUserName" tests="1" failures="0" timestamp="2020-01-21T20:44:21 PKT" time="42.709" errors="0">
  <testcase name="testAutoCorectUserName" time="42.709" classname="com.finexus.tests.AutoCorectUserName"/>
</testsuite> <!-- com.finexus.tests.AutoCorectUserName -->
