<?xml version="1.0" encoding="UTF-8"?>
<!-- Generated by org.testng.reporters.JUnitReportReporter -->
<testsuite skipped="0" hostname="DESKTOP-JCEGEB0" name="com.finexus.tests.AutoCorectUserName" tests="3" failures="0" timestamp="2020-01-21T20:54:17 PKT" time="66.431" errors="0">
  <testcase name="testAutoCorectUserName" time="24.564" classname="com.finexus.tests.AutoCorectUserName"/>
  <testcase name="testAutoCorectUserName" time="14.370" classname="com.finexus.tests.AutoCorectUserName"/>
  <testcase name="testAutoCorectUserName" time="27.497" classname="com.finexus.tests.AutoCorectUserName"/>
</testsuite> <!-- com.finexus.tests.AutoCorectUserName -->
